
> qianzhu_website@0.1.0 dev
> next dev

 ⚠ Port 3000 is in use, trying 3001 instead.
  ▲ Next.js 14.2.16
  - Local:        http://localhost:3001

 ✓ Starting...
 ✓ Ready in 1666ms
 ○ Compiling / ...
 ✓ Compiled / in 2.3s (514 modules)
 GET / 200 in 2477ms
 ✓ Compiled in 112ms (244 modules)
 GET / 200 in 103ms
 ○ Compiling /favicon.ico ...
 ✓ Compiled /favicon.ico in 811ms (283 modules)
 GET /favicon.ico 200 in 932ms
 GET / 200 in 345ms
 ✓ Compiled in 1134ms (496 modules)
 ✓ Compiled in 250ms (496 modules)
 ✓ Compiled in 223ms (496 modules)
 ✓ Compiled in 250ms (496 modules)
 ✓ Compiled in 303ms (496 modules)
 ✓ Compiled in 385ms (496 modules)
 ✓ Compiled in 180ms (496 modules)
 ✓ Compiled in 168ms (496 modules)
 ✓ Compiled in 216ms (496 modules)
 ✓ Compiled in 342ms (496 modules)
 ✓ Compiled in 610ms (496 modules)
 ✓ Compiled in 187ms (496 modules)
 ✓ Compiled in 223ms (496 modules)
 ✓ Compiled in 215ms (496 modules)
 ✓ Compiled in 205ms (496 modules)
 ✓ Compiled in 316ms (496 modules)
 ✓ Compiled in 229ms (496 modules)
 ✓ Compiled in 379ms (496 modules)
 ✓ Compiled in 325ms (496 modules)
 ✓ Compiled in 210ms (496 modules)
 ✓ Compiled in 455ms (496 modules)
 ✓ Compiled in 169ms (496 modules)
 ✓ Compiled in 207ms (496 modules)
 ✓ Compiled in 956ms (496 modules)
 ✓ Compiled in 406ms (496 modules)
 ✓ Compiled in 225ms (496 modules)
 ✓ Compiled in 309ms (496 modules)
 ✓ Compiled in 3.3s (496 modules)
 ✓ Compiled in 454ms (496 modules)
 ✓ Compiled in 469ms (496 modules)
 ✓ Compiled in 1885ms (496 modules)
 ✓ Compiled in 1385ms (496 modules)
 ✓ Compiled in 9.6s (496 modules)
 ✓ Compiled in 8.1s (496 modules)
 ✓ Compiled in 4.1s (496 modules)
 ✓ Compiled in 2.5s (496 modules)
 ✓ Compiled in 616ms (496 modules)
 ✓ Compiled in 146ms (496 modules)
 ✓ Compiled in 117ms (496 modules)
 ✓ Compiled in 632ms (496 modules)
 ✓ Compiled in 244ms (496 modules)
 ✓ Compiled in 194ms (496 modules)
 ✓ Compiled in 376ms (496 modules)
 ✓ Compiled in 378ms (496 modules)
[?25h
